#
# There is insufficient memory for the Java Runtime Environment to continue.
# Native memory allocation (mmap) failed to map 257949696 bytes for G1 virtual space
# Possible reasons:
#   The system is out of physical RAM or swap space
#   The process is running with CompressedOops enabled, and the Java Heap may be blocking the growth of the native heap
# Possible solutions:
#   Reduce memory load on the system
#   Increase physical memory or swap space
#   Check if swap backing store is full
#   Decrease Java heap size (-Xmx/-Xms)
#   Decrease number of Java threads
#   Decrease Java thread stack sizes (-Xss)
#   Set larger code cache with -XX:ReservedCodeCacheSize=
#   JVM is running with Zero Based Compressed Oops mode in which the Java heap is
#     placed in the first 32GB address space. The Java Heap base address is the
#     maximum limit for the native heap growth. Please use -XX:HeapBaseMinAddress
#     to set the Java Heap base and to place the Java Heap above 32GB virtual address.
# This output file may be truncated or incomplete.
#
#  Out of Memory Error (os_windows.cpp:3527), pid=35944, tid=18200
#
# JRE version:  (19.0.1+10) (build )
# Java VM: Java HotSpot(TM) 64-Bit Server VM (19.0.1+10-21, mixed mode, sharing, tiered, compressed oops, compressed class ptrs, g1 gc, windows-amd64)
# No core dump will be written. Minidumps are not enabled by default on client versions of Windows
#

---------------  S U M M A R Y ------------

Command Line: -Dfile.encoding=UTF-8 --module-path=C:\Users\ashis\OneDrive\Desktop\Documents\NetBeansProjects\BANK MANAGEMENT SYSTEM\build\classes bank.management.system.SignupThree

Host: AMD Ryzen 5 5500U with Radeon Graphics         , 12 cores, 15G,  Windows 11 , 64 bit Build 22621 (10.0.22621.2070)
Time: Sat Aug 19 11:58:10 2023 India Standard Time elapsed time: 0.016995 seconds (0d 0h 0m 0s)

---------------  T H R E A D  ---------------

Current thread (0x0000021bbd918b20):  JavaThread "Unknown thread" [_thread_in_vm, id=18200, stack(0x000000d848200000,0x000000d848300000)]

Stack: [0x000000d848200000,0x000000d848300000]
Native frames: (J=compiled Java code, j=interpreted, Vv=VM code, C=native code)
V  [jvm.dll+0x6ee8fa]
V  [jvm.dll+0x857a1e]
V  [jvm.dll+0x85940e]
V  [jvm.dll+0x859ac3]
V  [jvm.dll+0x28291f]
V  [jvm.dll+0x6eb6e9]
V  [jvm.dll+0x6e028a]
V  [jvm.dll+0x357136]
V  [jvm.dll+0x35eb96]
V  [jvm.dll+0x3b555e]
V  [jvm.dll+0x3b578f]
V  [jvm.dll+0x32c6ea]
V  [jvm.dll+0x32d59e]
V  [jvm.dll+0x821b20]
V  [jvm.dll+0x3c27c1]
V  [jvm.dll+0x8022f1]
V  [jvm.dll+0x44b30f]
V  [jvm.dll+0x44cc91]
C  [jli.dll+0x5287]
C  [ucrtbase.dll+0x29363]
C  [KERNEL32.DLL+0x126ad]
C  [ntdll.dll+0x5aa68]


---------------  P R O C E S S  ---------------

Threads class SMR info:
_java_thread_list=0x00007ffdc5b2d048, length=0, elements={
}

Java Threads: ( => current thread )

Other Threads:
  0x0000021bbd987fd0 WorkerThread "GC Thread#0" [stack: 0x000000d848300000,0x000000d848400000] [id=11656]
  0x0000021bbd998380 ConcurrentGCThread "G1 Main Marker" [stack: 0x000000d848400000,0x000000d848500000] [id=27720]
  0x0000021bbd99aed0 WorkerThread "G1 Conc#0" [stack: 0x000000d848500000,0x000000d848600000] [id=29840]

[error occurred during error reporting (printing all threads), id 0xc0000005, EXCEPTION_ACCESS_VIOLATION (0xc0000005) at pc=0x00007ffdc52ed127]

VM state: not at safepoint (not fully initialized)

VM Mutex/Monitor currently owned by a thread:  ([mutex/lock_event])
[0x0000021bbd915810] Heap_lock - owner thread: 0x0000021bbd918b20

Heap address: 0x000000070ac00000, size: 3924 MB, Compressed Oops mode: Zero based, Oop shift amount: 3

CDS archive(s) mapped at: [0x0000000000000000-0x0000000000000000-0x0000000000000000), size 0, SharedBaseAddress: 0x0000000800000000, ArchiveRelocationMode: 0.
Narrow klass base: 0x0000000000000000, Narrow klass shift: 0, Narrow klass range: 0x0

GC Precious Log:
 CardTable entry size: 512
 Card Set container configuration: InlinePtr #cards 4 size 8 Array Of Cards #cards 16 size 48 Howl #buckets 8 coarsen threshold 3686 Howl Bitmap #cards 512 size 80 coarsen threshold 460 Card regions per heap region 1 cards per card region 4096

Heap:
 garbage-first heap   total 0K, used 0K [0x000000070ac00000, 0x0000000800000000)
  region size 2048K, 0 young (0K), 0 survivors (0K)

[error occurred during error reporting (printing heap information), id 0xc0000005, EXCEPTION_ACCESS_VIOLATION (0xc0000005) at pc=0x00007ffdc56f6959]

GC Heap History (0 events):
No events

Dll operation events (1 events):
Event: 0.011 Loaded shared library C:\Program Files\Java\jdk-19\bin\java.dll

Deoptimization events (0 events):
No events

Classes loaded (0 events):
No events

Classes unloaded (0 events):
No events

Classes redefined (0 events):
No events

Internal exceptions (0 events):
No events

VM Operations (0 events):
No events

Events (0 events):
No events


Dynamic libraries:
0x00007ff6e1120000 - 0x00007ff6e1130000 	C:\Program Files\Java\jdk-19\bin\java.exe
0x00007ffe14bd0000 - 0x00007ffe14de4000 	C:\windows\SYSTEM32\ntdll.dll
0x00007ffe146c0000 - 0x00007ffe14784000 	C:\windows\System32\KERNEL32.DLL
0x00007ffe12490000 - 0x00007ffe12834000 	C:\windows\System32\KERNELBASE.dll
0x00007ffe12370000 - 0x00007ffe12481000 	C:\windows\System32\ucrtbase.dll
0x00007ffdf74d0000 - 0x00007ffdf74e8000 	C:\Program Files\Java\jdk-19\bin\jli.dll
0x00007ffe0d2b0000 - 0x00007ffe0d2cb000 	C:\Program Files\Java\jdk-19\bin\VCRUNTIME140.dll
0x00007ffe13020000 - 0x00007ffe130d0000 	C:\windows\System32\ADVAPI32.dll
0x00007ffe13c20000 - 0x00007ffe13cc7000 	C:\windows\System32\msvcrt.dll
0x00007ffe14250000 - 0x00007ffe142f6000 	C:\windows\System32\sechost.dll
0x00007ffe13aa0000 - 0x00007ffe13bb7000 	C:\windows\System32\RPCRT4.dll
0x00007ffe14430000 - 0x00007ffe145da000 	C:\windows\System32\USER32.dll
0x00007ffe12960000 - 0x00007ffe12986000 	C:\windows\System32\win32u.dll
0x00007ffdf6ce0000 - 0x00007ffdf6f6f000 	C:\windows\WinSxS\amd64_microsoft.windows.common-controls_6595b64144ccf1df_6.0.22621.2070_none_2713e6537381f706\COMCTL32.dll
0x00007ffe12b50000 - 0x00007ffe12b79000 	C:\windows\System32\GDI32.dll
0x00007ffe12840000 - 0x00007ffe12959000 	C:\windows\System32\gdi32full.dll
0x00007ffe12210000 - 0x00007ffe122aa000 	C:\windows\System32\msvcp_win.dll
0x00007ffe08e50000 - 0x00007ffe08e5a000 	C:\windows\SYSTEM32\VERSION.dll
0x00007ffe13d50000 - 0x00007ffe13d81000 	C:\windows\System32\IMM32.DLL
0x00007ffe0e8c0000 - 0x00007ffe0e8cc000 	C:\Program Files\Java\jdk-19\bin\vcruntime140_1.dll
0x00007ffdf77a0000 - 0x00007ffdf782e000 	C:\Program Files\Java\jdk-19\bin\msvcp140.dll
0x00007ffdc4fb0000 - 0x00007ffdc5c70000 	C:\Program Files\Java\jdk-19\bin\server\jvm.dll
0x00007ffe07c80000 - 0x00007ffe07cb4000 	C:\windows\SYSTEM32\WINMM.dll
0x00007ffdea3d0000 - 0x00007ffdea3d9000 	C:\windows\SYSTEM32\WSOCK32.dll
0x00007ffe145e0000 - 0x00007ffe14651000 	C:\windows\System32\WS2_32.dll
0x00007ffe10fd0000 - 0x00007ffe10fe8000 	C:\windows\SYSTEM32\kernel.appcore.dll
0x00007ffe0d2a0000 - 0x00007ffe0d2aa000 	C:\Program Files\Java\jdk-19\bin\jimage.dll
0x00007ffe0f9a0000 - 0x00007ffe0fbce000 	C:\windows\SYSTEM32\DBGHELP.DLL
0x00007ffe14790000 - 0x00007ffe14b1a000 	C:\windows\System32\combase.dll
0x00007ffe14170000 - 0x00007ffe14247000 	C:\windows\System32\OLEAUT32.dll
0x00007ffdfa800000 - 0x00007ffdfa832000 	C:\windows\SYSTEM32\dbgcore.DLL
0x00007ffe11fb0000 - 0x00007ffe1202a000 	C:\windows\System32\bcryptPrimitives.dll
0x00007ffdfeb70000 - 0x00007ffdfeb96000 	C:\Program Files\Java\jdk-19\bin\java.dll

dbghelp: loaded successfully - version: 4.0.5 - missing functions: none
symbol engine: initialized successfully - sym options: 0x614 - pdb path: .;C:\Program Files\Java\jdk-19\bin;C:\windows\SYSTEM32;C:\windows\WinSxS\amd64_microsoft.windows.common-controls_6595b64144ccf1df_6.0.22621.2070_none_2713e6537381f706;C:\Program Files\Java\jdk-19\bin\server

VM Arguments:
jvm_args: -Dfile.encoding=UTF-8 --module-path=C:\Users\ashis\OneDrive\Desktop\Documents\NetBeansProjects\BANK MANAGEMENT SYSTEM\build\classes 
java_command: bank.management.system.SignupThree
java_class_path (initial): C:\Users\ashis\OneDrive\Desktop\Documents\NetBeansProjects\BANK MANAGEMENT SYSTEM\jcalendar-tz-1.3.3-4.jar;C:\Users\ashis\OneDrive\Desktop\Documents\NetBeansProjects\BANK MANAGEMENT SYSTEM\mysql-connector-java-8.0.28.jar;C:\Users\ashis\OneDrive\Desktop\Documents\NetBeansProjects\BANK MANAGEMENT SYSTEM\build\classes
Launcher Type: SUN_STANDARD

[Global flags]
     intx CICompilerCount                          = 4                                         {product} {ergonomic}
     uint ConcGCThreads                            = 3                                         {product} {ergonomic}
     uint G1ConcRefinementThreads                  = 10                                        {product} {ergonomic}
   size_t G1HeapRegionSize                         = 2097152                                   {product} {ergonomic}
    uintx GCDrainStackTargetSize                   = 64                                        {product} {ergonomic}
   size_t InitialHeapSize                          = 257949696                                 {product} {ergonomic}
   size_t MarkStackSize                            = 4194304                                   {product} {ergonomic}
   size_t MaxHeapSize                              = 4114612224                                {product} {ergonomic}
   size_t MinHeapDeltaBytes                        = 2097152                                   {product} {ergonomic}
   size_t MinHeapSize                              = 8388608                                   {product} {ergonomic}
    uintx NonNMethodCodeHeapSize                   = 5839372                                {pd product} {ergonomic}
    uintx NonProfiledCodeHeapSize                  = 122909434                              {pd product} {ergonomic}
    uintx ProfiledCodeHeapSize                     = 122909434                              {pd product} {ergonomic}
    uintx ReservedCodeCacheSize                    = 251658240                              {pd product} {ergonomic}
     bool SegmentedCodeCache                       = true                                      {product} {ergonomic}
   size_t SoftMaxHeapSize                          = 4114612224                             {manageable} {ergonomic}
     bool UseCompressedClassPointers               = true                           {product lp64_product} {ergonomic}
     bool UseCompressedOops                        = true                           {product lp64_product} {ergonomic}
     bool UseG1GC                                  = true                                      {product} {ergonomic}
     bool UseLargePagesIndividualAllocation        = false                                  {pd product} {ergonomic}

Logging:
Log output configuration:
 #0: stdout all=warning uptime,level,tags foldmultilines=false
 #1: stderr all=off uptime,level,tags foldmultilines=false

Environment Variables:
PATH=C:\Program Files\Common Files\Oracle\Java\javapath;C:\oraclexe\app\oracle\product\10.2.0\server\bin;C:\windows\system32;C:\windows;C:\windows\System32\Wbem;C:\windows\System32\WindowsPowerShell\v1.0\;C:\windows\System32\OpenSSH\;C:\Program Files\Git\cmd;C:\Program Files\nodejs\;C:\Program Files\Java\jdk-17\bin;C:\Program Files\MySQL\MySQL Shell 8.0\bin\;C:\Users\ashis\AppData\Local\Microsoft\WindowsApps;;C:\Users\ashis\AppData\Local\Programs\Microsoft VS Code\bin;C:\Program Files\JetBrains\IntelliJ IDEA Community Edition 2022.2.3\bin;;C:\Users\ashis\AppData\Roaming\npm
USERNAME=ashis
OS=Windows_NT
PROCESSOR_IDENTIFIER=AMD64 Family 23 Model 104 Stepping 1, AuthenticAMD
TMP=C:\Users\ashis\AppData\Local\Temp
TEMP=C:\Users\ashis\AppData\Local\Temp



---------------  S Y S T E M  ---------------

OS:
 Windows 11 , 64 bit Build 22621 (10.0.22621.2070)
OS uptime: 1 days 13:27 hours
Hyper-V role detected

CPU: total 12 (initial active 12) (12 cores per cpu, 2 threads per core) family 23 model 104 stepping 1 microcode 0x0, cx8, cmov, fxsr, ht, mmx, 3dnowpref, sse, sse2, sse3, ssse3, sse4a, sse4.1, sse4.2, popcnt, lzcnt, tsc, tscinvbit, avx, avx2, aes, clmul, bmi1, bmi2, adx, sha, fma, vzeroupper, clflush, clflushopt, hv, rdtscp, rdpid

Memory: 4k page, system-wide physical 15695M (3823M free)
TotalPageFile size 45386M (AvailPageFile size 110M)
current process WorkingSet (physical memory assigned to process): 11M, peak: 11M
current process commit charge ("private bytes"): 64M, peak: 310M

vm_info: Java HotSpot(TM) 64-Bit Server VM (19.0.1+10-21) for windows-amd64 JRE (19.0.1+10-21), built on 2022-09-14T12:45:06Z by "mach5one" with MS VC++ 17.1 (VS2022)

END.
