#
# There is insufficient memory for the Java Runtime Environment to continue.
# Native memory allocation (malloc) failed to allocate 318576 bytes for Chunk::new
# Possible reasons:
#   The system is out of physical RAM or swap space
#   The process is running with CompressedOops enabled, and the Java Heap may be blocking the growth of the native heap
# Possible solutions:
#   Reduce memory load on the system
#   Increase physical memory or swap space
#   Check if swap backing store is full
#   Decrease Java heap size (-Xmx/-Xms)
#   Decrease number of Java threads
#   Decrease Java thread stack sizes (-Xss)
#   Set larger code cache with -XX:ReservedCodeCacheSize=
#   JVM is running with Zero Based Compressed Oops mode in which the Java heap is
#     placed in the first 32GB address space. The Java Heap base address is the
#     maximum limit for the native heap growth. Please use -XX:HeapBaseMinAddress
#     to set the Java Heap base and to place the Java Heap above 32GB virtual address.
# This output file may be truncated or incomplete.
#
#  Out of Memory Error (arena.cpp:184), pid=34532, tid=8928
#
# JRE version: Java(TM) SE Runtime Environment (19.0.1+10) (build 19.0.1+10-21)
# Java VM: Java HotSpot(TM) 64-Bit Server VM (19.0.1+10-21, mixed mode, sharing, tiered, compressed oops, compressed class ptrs, g1 gc, windows-amd64)
# No core dump will be written. Minidumps are not enabled by default on client versions of Windows
#

---------------  S U M M A R Y ------------

Command Line: -Dfile.encoding=UTF-8 --module-path=C:\Users\ashis\OneDrive\Desktop\Documents\NetBeansProjects\BANK MANAGEMENT SYSTEM\build\classes bank.management.system.SignupThree

Host: AMD Ryzen 5 5500U with Radeon Graphics         , 12 cores, 15G,  Windows 11 , 64 bit Build 22621 (10.0.22621.2070)
Time: Sat Aug 19 11:57:20 2023 India Standard Time elapsed time: 0.842452 seconds (0d 0h 0m 0s)

---------------  T H R E A D  ---------------

Current thread (0x0000024f5692a8f0):  JavaThread "C2 CompilerThread0" daemon [_thread_in_native, id=8928, stack(0x00000086c2300000,0x00000086c2400000)]


Current CompileTask:
C2:    842 1042   !   4       sun.font.TrueTypeFont::getTableBuffer (215 bytes)

Stack: [0x00000086c2300000,0x00000086c2400000]
Native frames: (J=compiled Java code, j=interpreted, Vv=VM code, C=native code)
V  [jvm.dll+0x6ee8fa]
V  [jvm.dll+0x857a1e]
V  [jvm.dll+0x85940e]
V  [jvm.dll+0x859ac3]
V  [jvm.dll+0x28291f]
V  [jvm.dll+0xc9b5f]
V  [jvm.dll+0xc9ee5]
V  [jvm.dll+0x2f7c6f]
V  [jvm.dll+0x5f0c5b]
V  [jvm.dll+0x2551fc]
V  [jvm.dll+0x24e097]
V  [jvm.dll+0x24b563]
V  [jvm.dll+0x1d6d61]
V  [jvm.dll+0x25b0fa]
V  [jvm.dll+0x259588]
V  [jvm.dll+0x807928]
V  [jvm.dll+0x8015fa]
V  [jvm.dll+0x6ed5eb]
C  [ucrtbase.dll+0x29363]
C  [KERNEL32.DLL+0x126ad]
C  [ntdll.dll+0x5aa68]


---------------  P R O C E S S  ---------------

Threads class SMR info:
_java_thread_list=0x0000024f5b7529a0, length=18, elements={
0x0000024f569172d0, 0x0000024f56917c00, 0x0000024f5691a540, 0x0000024f5691ef70,
0x0000024f5691fb20, 0x0000024f56922070, 0x0000024f5692a8f0, 0x0000024f56931390,
0x0000024f56931910, 0x0000024f568edb70, 0x0000024f5ad43650, 0x0000024f5ade9fe0,
0x0000024f5adea520, 0x0000024f5af69060, 0x0000024f5b629480, 0x0000024f31675c70,
0x0000024f5acfa2a0, 0x0000024f5b76abd0
}

Java Threads: ( => current thread )
  0x0000024f569172d0 JavaThread "Reference Handler" daemon [_thread_blocked, id=33636, stack(0x00000086c1d00000,0x00000086c1e00000)]
  0x0000024f56917c00 JavaThread "Finalizer" daemon [_thread_blocked, id=6296, stack(0x00000086c1e00000,0x00000086c1f00000)]
  0x0000024f5691a540 JavaThread "Signal Dispatcher" daemon [_thread_blocked, id=5436, stack(0x00000086c1f00000,0x00000086c2000000)]
  0x0000024f5691ef70 JavaThread "Attach Listener" daemon [_thread_blocked, id=2856, stack(0x00000086c2000000,0x00000086c2100000)]
  0x0000024f5691fb20 JavaThread "Service Thread" daemon [_thread_blocked, id=34368, stack(0x00000086c2100000,0x00000086c2200000)]
  0x0000024f56922070 JavaThread "Monitor Deflation Thread" daemon [_thread_blocked, id=5840, stack(0x00000086c2200000,0x00000086c2300000)]
=>0x0000024f5692a8f0 JavaThread "C2 CompilerThread0" daemon [_thread_in_native, id=8928, stack(0x00000086c2300000,0x00000086c2400000)]
  0x0000024f56931390 JavaThread "C1 CompilerThread0" daemon [_thread_blocked, id=31616, stack(0x00000086c2400000,0x00000086c2500000)]
  0x0000024f56931910 JavaThread "Sweeper thread" daemon [_thread_blocked, id=23492, stack(0x00000086c2500000,0x00000086c2600000)]
  0x0000024f568edb70 JavaThread "Common-Cleaner" daemon [_thread_blocked, id=21036, stack(0x00000086c2600000,0x00000086c2700000)]
  0x0000024f5ad43650 JavaThread "Notification Thread" daemon [_thread_blocked, id=33248, stack(0x00000086c2700000,0x00000086c2800000)]
  0x0000024f5ade9fe0 JavaThread "Java2D Disposer" daemon [_thread_blocked, id=2616, stack(0x00000086c2a00000,0x00000086c2b00000)]
  0x0000024f5adea520 JavaThread "AWT-Shutdown" [_thread_blocked, id=33380, stack(0x00000086c2b00000,0x00000086c2c00000)]
  0x0000024f5af69060 JavaThread "AWT-Windows" daemon [_thread_in_native, id=34444, stack(0x00000086c2c00000,0x00000086c2d00000)]
  0x0000024f5b629480 JavaThread "AWT-EventQueue-0" [_thread_in_Java, id=30020, stack(0x00000086c3700000,0x00000086c3800000)]
  0x0000024f31675c70 JavaThread "DestroyJavaVM" [_thread_blocked, id=35112, stack(0x00000086c1600000,0x00000086c1700000)]
  0x0000024f5acfa2a0 JavaThread "D3D Screen Updater" daemon [_thread_blocked, id=36648, stack(0x00000086c3800000,0x00000086c3900000)]
  0x0000024f5b76abd0 JavaThread "C2 CompilerThread1" daemon [_thread_blocked, id=27544, stack(0x00000086c2900000,0x00000086c2a00000)]

Other Threads:
  0x0000024f568fe190 VMThread "VM Thread" [stack: 0x00000086c1c00000,0x00000086c1d00000] [id=15560]
  0x0000024f5acf9e20 WatcherThread "VM Periodic Task Thread" [stack: 0x00000086c2800000,0x00000086c2900000] [id=36120]
  0x0000024f316e7260 WorkerThread "GC Thread#0" [stack: 0x00000086c1700000,0x00000086c1800000] [id=2844]
  0x0000024f316f7700 ConcurrentGCThread "G1 Main Marker" [stack: 0x00000086c1800000,0x00000086c1900000] [id=36764]
  0x0000024f316f8430 WorkerThread "G1 Conc#0" [stack: 0x00000086c1900000,0x00000086c1a00000] [id=24712]
  0x0000024f3173ea20 ConcurrentGCThread "G1 Refine#0" [stack: 0x00000086c1a00000,0x00000086c1b00000] [id=11120]
  0x0000024f567bd580 ConcurrentGCThread "G1 Service" [stack: 0x00000086c1b00000,0x00000086c1c00000] [id=36464]

Threads with active compile tasks:
C2 CompilerThread0      871 1042   !   4       sun.font.TrueTypeFont::getTableBuffer (215 bytes)

VM state: not at safepoint (normal execution)

VM Mutex/Monitor currently owned by a thread: None

Heap address: 0x000000070ac00000, size: 3924 MB, Compressed Oops mode: Zero based, Oop shift amount: 3

CDS archive(s) mapped at: [0x0000000800000000-0x0000000800c40000-0x0000000800c40000), size 12845056, SharedBaseAddress: 0x0000000800000000, ArchiveRelocationMode: 0.
Compressed class space mapped at: 0x0000000801000000-0x0000000841000000, reserved size: 1073741824
Narrow klass base: 0x0000000800000000, Narrow klass shift: 0, Narrow klass range: 0x100000000

GC Precious Log:
 CardTable entry size: 512
 Card Set container configuration: InlinePtr #cards 4 size 8 Array Of Cards #cards 16 size 48 Howl #buckets 8 coarsen threshold 3686 Howl Bitmap #cards 512 size 80 coarsen threshold 460 Card regions per heap region 1 cards per card region 4096
 CPUs: 12 total, 12 available
 Memory: 15695M
 Large Page Support: Disabled
 NUMA Support: Disabled
 Compressed Oops: Enabled (Zero based)
 Heap Region Size: 2M
 Heap Min Capacity: 8M
 Heap Initial Capacity: 246M
 Heap Max Capacity: 3924M
 Pre-touch: Disabled
 Parallel Workers: 10
 Concurrent Workers: 3
 Concurrent Refinement Workers: 10
 Periodic GC: Disabled

Heap:
 garbage-first heap   total 251904K, used 20480K [0x000000070ac00000, 0x0000000800000000)
  region size 2048K, 9 young (18432K), 0 survivors (0K)
 Metaspace       used 6852K, committed 7040K, reserved 1114112K
  class space    used 723K, committed 832K, reserved 1048576K

Heap Regions: E=young(eden), S=young(survivor), O=old, HS=humongous(starts), HC=humongous(continues), CS=collection set, F=free, OA=open archive, CA=closed archive, TAMS=top-at-mark-start (previous, next)
|   0|0x000000070ac00000, 0x000000070ae00000, 0x000000070ae00000|100%|HS|  |TAMS 0x000000070ac00000, 0x000000070ac00000| Complete 
|   1|0x000000070ae00000, 0x000000070b000000, 0x000000070b000000|100%|HC|  |TAMS 0x000000070ae00000, 0x000000070ae00000| Complete 
|   2|0x000000070b000000, 0x000000070b000000, 0x000000070b200000|  0%| F|  |TAMS 0x000000070b000000, 0x000000070b000000| Untracked 
|   3|0x000000070b200000, 0x000000070b200000, 0x000000070b400000|  0%| F|  |TAMS 0x000000070b200000, 0x000000070b200000| Untracked 
|   4|0x000000070b400000, 0x000000070b400000, 0x000000070b600000|  0%| F|  |TAMS 0x000000070b400000, 0x000000070b400000| Untracked 
|   5|0x000000070b600000, 0x000000070b600000, 0x000000070b800000|  0%| F|  |TAMS 0x000000070b600000, 0x000000070b600000| Untracked 
|   6|0x000000070b800000, 0x000000070b800000, 0x000000070ba00000|  0%| F|  |TAMS 0x000000070b800000, 0x000000070b800000| Untracked 
|   7|0x000000070ba00000, 0x000000070ba00000, 0x000000070bc00000|  0%| F|  |TAMS 0x000000070ba00000, 0x000000070ba00000| Untracked 
|   8|0x000000070bc00000, 0x000000070bc00000, 0x000000070be00000|  0%| F|  |TAMS 0x000000070bc00000, 0x000000070bc00000| Untracked 
|   9|0x000000070be00000, 0x000000070be00000, 0x000000070c000000|  0%| F|  |TAMS 0x000000070be00000, 0x000000070be00000| Untracked 
|  10|0x000000070c000000, 0x000000070c000000, 0x000000070c200000|  0%| F|  |TAMS 0x000000070c000000, 0x000000070c000000| Untracked 
|  11|0x000000070c200000, 0x000000070c200000, 0x000000070c400000|  0%| F|  |TAMS 0x000000070c200000, 0x000000070c200000| Untracked 
|  12|0x000000070c400000, 0x000000070c400000, 0x000000070c600000|  0%| F|  |TAMS 0x000000070c400000, 0x000000070c400000| Untracked 
|  13|0x000000070c600000, 0x000000070c600000, 0x000000070c800000|  0%| F|  |TAMS 0x000000070c600000, 0x000000070c600000| Untracked 
|  14|0x000000070c800000, 0x000000070c800000, 0x000000070ca00000|  0%| F|  |TAMS 0x000000070c800000, 0x000000070c800000| Untracked 
|  15|0x000000070ca00000, 0x000000070ca00000, 0x000000070cc00000|  0%| F|  |TAMS 0x000000070ca00000, 0x000000070ca00000| Untracked 
|  16|0x000000070cc00000, 0x000000070cc00000, 0x000000070ce00000|  0%| F|  |TAMS 0x000000070cc00000, 0x000000070cc00000| Untracked 
|  17|0x000000070ce00000, 0x000000070ce00000, 0x000000070d000000|  0%| F|  |TAMS 0x000000070ce00000, 0x000000070ce00000| Untracked 
|  18|0x000000070d000000, 0x000000070d000000, 0x000000070d200000|  0%| F|  |TAMS 0x000000070d000000, 0x000000070d000000| Untracked 
|  19|0x000000070d200000, 0x000000070d200000, 0x000000070d400000|  0%| F|  |TAMS 0x000000070d200000, 0x000000070d200000| Untracked 
|  20|0x000000070d400000, 0x000000070d400000, 0x000000070d600000|  0%| F|  |TAMS 0x000000070d400000, 0x000000070d400000| Untracked 
|  21|0x000000070d600000, 0x000000070d600000, 0x000000070d800000|  0%| F|  |TAMS 0x000000070d600000, 0x000000070d600000| Untracked 
|  22|0x000000070d800000, 0x000000070d800000, 0x000000070da00000|  0%| F|  |TAMS 0x000000070d800000, 0x000000070d800000| Untracked 
|  23|0x000000070da00000, 0x000000070da00000, 0x000000070dc00000|  0%| F|  |TAMS 0x000000070da00000, 0x000000070da00000| Untracked 
|  24|0x000000070dc00000, 0x000000070dc00000, 0x000000070de00000|  0%| F|  |TAMS 0x000000070dc00000, 0x000000070dc00000| Untracked 
|  25|0x000000070de00000, 0x000000070de00000, 0x000000070e000000|  0%| F|  |TAMS 0x000000070de00000, 0x000000070de00000| Untracked 
|  26|0x000000070e000000, 0x000000070e000000, 0x000000070e200000|  0%| F|  |TAMS 0x000000070e000000, 0x000000070e000000| Untracked 
|  27|0x000000070e200000, 0x000000070e200000, 0x000000070e400000|  0%| F|  |TAMS 0x000000070e200000, 0x000000070e200000| Untracked 
|  28|0x000000070e400000, 0x000000070e400000, 0x000000070e600000|  0%| F|  |TAMS 0x000000070e400000, 0x000000070e400000| Untracked 
|  29|0x000000070e600000, 0x000000070e600000, 0x000000070e800000|  0%| F|  |TAMS 0x000000070e600000, 0x000000070e600000| Untracked 
|  30|0x000000070e800000, 0x000000070e800000, 0x000000070ea00000|  0%| F|  |TAMS 0x000000070e800000, 0x000000070e800000| Untracked 
|  31|0x000000070ea00000, 0x000000070ea00000, 0x000000070ec00000|  0%| F|  |TAMS 0x000000070ea00000, 0x000000070ea00000| Untracked 
|  32|0x000000070ec00000, 0x000000070ec00000, 0x000000070ee00000|  0%| F|  |TAMS 0x000000070ec00000, 0x000000070ec00000| Untracked 
|  33|0x000000070ee00000, 0x000000070ee00000, 0x000000070f000000|  0%| F|  |TAMS 0x000000070ee00000, 0x000000070ee00000| Untracked 
|  34|0x000000070f000000, 0x000000070f000000, 0x000000070f200000|  0%| F|  |TAMS 0x000000070f000000, 0x000000070f000000| Untracked 
|  35|0x000000070f200000, 0x000000070f200000, 0x000000070f400000|  0%| F|  |TAMS 0x000000070f200000, 0x000000070f200000| Untracked 
|  36|0x000000070f400000, 0x000000070f400000, 0x000000070f600000|  0%| F|  |TAMS 0x000000070f400000, 0x000000070f400000| Untracked 
|  37|0x000000070f600000, 0x000000070f600000, 0x000000070f800000|  0%| F|  |TAMS 0x000000070f600000, 0x000000070f600000| Untracked 
|  38|0x000000070f800000, 0x000000070f800000, 0x000000070fa00000|  0%| F|  |TAMS 0x000000070f800000, 0x000000070f800000| Untracked 
|  39|0x000000070fa00000, 0x000000070fa00000, 0x000000070fc00000|  0%| F|  |TAMS 0x000000070fa00000, 0x000000070fa00000| Untracked 
|  40|0x000000070fc00000, 0x000000070fc00000, 0x000000070fe00000|  0%| F|  |TAMS 0x000000070fc00000, 0x000000070fc00000| Untracked 
|  41|0x000000070fe00000, 0x000000070fe00000, 0x0000000710000000|  0%| F|  |TAMS 0x000000070fe00000, 0x000000070fe00000| Untracked 
|  42|0x0000000710000000, 0x0000000710000000, 0x0000000710200000|  0%| F|  |TAMS 0x0000000710000000, 0x0000000710000000| Untracked 
|  43|0x0000000710200000, 0x0000000710200000, 0x0000000710400000|  0%| F|  |TAMS 0x0000000710200000, 0x0000000710200000| Untracked 
|  44|0x0000000710400000, 0x0000000710400000, 0x0000000710600000|  0%| F|  |TAMS 0x0000000710400000, 0x0000000710400000| Untracked 
|  45|0x0000000710600000, 0x0000000710600000, 0x0000000710800000|  0%| F|  |TAMS 0x0000000710600000, 0x0000000710600000| Untracked 
|  46|0x0000000710800000, 0x0000000710800000, 0x0000000710a00000|  0%| F|  |TAMS 0x0000000710800000, 0x0000000710800000| Untracked 
|  47|0x0000000710a00000, 0x0000000710a00000, 0x0000000710c00000|  0%| F|  |TAMS 0x0000000710a00000, 0x0000000710a00000| Untracked 
|  48|0x0000000710c00000, 0x0000000710c00000, 0x0000000710e00000|  0%| F|  |TAMS 0x0000000710c00000, 0x0000000710c00000| Untracked 
|  49|0x0000000710e00000, 0x0000000710e00000, 0x0000000711000000|  0%| F|  |TAMS 0x0000000710e00000, 0x0000000710e00000| Untracked 
|  50|0x0000000711000000, 0x0000000711000000, 0x0000000711200000|  0%| F|  |TAMS 0x0000000711000000, 0x0000000711000000| Untracked 
|  51|0x0000000711200000, 0x0000000711200000, 0x0000000711400000|  0%| F|  |TAMS 0x0000000711200000, 0x0000000711200000| Untracked 
|  52|0x0000000711400000, 0x0000000711400000, 0x0000000711600000|  0%| F|  |TAMS 0x0000000711400000, 0x0000000711400000| Untracked 
|  53|0x0000000711600000, 0x0000000711600000, 0x0000000711800000|  0%| F|  |TAMS 0x0000000711600000, 0x0000000711600000| Untracked 
|  54|0x0000000711800000, 0x0000000711800000, 0x0000000711a00000|  0%| F|  |TAMS 0x0000000711800000, 0x0000000711800000| Untracked 
|  55|0x0000000711a00000, 0x0000000711a00000, 0x0000000711c00000|  0%| F|  |TAMS 0x0000000711a00000, 0x0000000711a00000| Untracked 
|  56|0x0000000711c00000, 0x0000000711c00000, 0x0000000711e00000|  0%| F|  |TAMS 0x0000000711c00000, 0x0000000711c00000| Untracked 
|  57|0x0000000711e00000, 0x0000000711e00000, 0x0000000712000000|  0%| F|  |TAMS 0x0000000711e00000, 0x0000000711e00000| Untracked 
|  58|0x0000000712000000, 0x0000000712000000, 0x0000000712200000|  0%| F|  |TAMS 0x0000000712000000, 0x0000000712000000| Untracked 
|  59|0x0000000712200000, 0x0000000712200000, 0x0000000712400000|  0%| F|  |TAMS 0x0000000712200000, 0x0000000712200000| Untracked 
|  60|0x0000000712400000, 0x0000000712400000, 0x0000000712600000|  0%| F|  |TAMS 0x0000000712400000, 0x0000000712400000| Untracked 
|  61|0x0000000712600000, 0x0000000712600000, 0x0000000712800000|  0%| F|  |TAMS 0x0000000712600000, 0x0000000712600000| Untracked 
|  62|0x0000000712800000, 0x0000000712800000, 0x0000000712a00000|  0%| F|  |TAMS 0x0000000712800000, 0x0000000712800000| Untracked 
|  63|0x0000000712a00000, 0x0000000712a00000, 0x0000000712c00000|  0%| F|  |TAMS 0x0000000712a00000, 0x0000000712a00000| Untracked 
|  64|0x0000000712c00000, 0x0000000712c00000, 0x0000000712e00000|  0%| F|  |TAMS 0x0000000712c00000, 0x0000000712c00000| Untracked 
|  65|0x0000000712e00000, 0x0000000712e00000, 0x0000000713000000|  0%| F|  |TAMS 0x0000000712e00000, 0x0000000712e00000| Untracked 
|  66|0x0000000713000000, 0x0000000713000000, 0x0000000713200000|  0%| F|  |TAMS 0x0000000713000000, 0x0000000713000000| Untracked 
|  67|0x0000000713200000, 0x0000000713200000, 0x0000000713400000|  0%| F|  |TAMS 0x0000000713200000, 0x0000000713200000| Untracked 
|  68|0x0000000713400000, 0x0000000713400000, 0x0000000713600000|  0%| F|  |TAMS 0x0000000713400000, 0x0000000713400000| Untracked 
|  69|0x0000000713600000, 0x0000000713600000, 0x0000000713800000|  0%| F|  |TAMS 0x0000000713600000, 0x0000000713600000| Untracked 
|  70|0x0000000713800000, 0x0000000713800000, 0x0000000713a00000|  0%| F|  |TAMS 0x0000000713800000, 0x0000000713800000| Untracked 
|  71|0x0000000713a00000, 0x0000000713a00000, 0x0000000713c00000|  0%| F|  |TAMS 0x0000000713a00000, 0x0000000713a00000| Untracked 
|  72|0x0000000713c00000, 0x0000000713c00000, 0x0000000713e00000|  0%| F|  |TAMS 0x0000000713c00000, 0x0000000713c00000| Untracked 
|  73|0x0000000713e00000, 0x0000000713e00000, 0x0000000714000000|  0%| F|  |TAMS 0x0000000713e00000, 0x0000000713e00000| Untracked 
|  74|0x0000000714000000, 0x0000000714000000, 0x0000000714200000|  0%| F|  |TAMS 0x0000000714000000, 0x0000000714000000| Untracked 
|  75|0x0000000714200000, 0x0000000714200000, 0x0000000714400000|  0%| F|  |TAMS 0x0000000714200000, 0x0000000714200000| Untracked 
|  76|0x0000000714400000, 0x0000000714400000, 0x0000000714600000|  0%| F|  |TAMS 0x0000000714400000, 0x0000000714400000| Untracked 
|  77|0x0000000714600000, 0x0000000714600000, 0x0000000714800000|  0%| F|  |TAMS 0x0000000714600000, 0x0000000714600000| Untracked 
|  78|0x0000000714800000, 0x0000000714800000, 0x0000000714a00000|  0%| F|  |TAMS 0x0000000714800000, 0x0000000714800000| Untracked 
|  79|0x0000000714a00000, 0x0000000714a00000, 0x0000000714c00000|  0%| F|  |TAMS 0x0000000714a00000, 0x0000000714a00000| Untracked 
|  80|0x0000000714c00000, 0x0000000714c00000, 0x0000000714e00000|  0%| F|  |TAMS 0x0000000714c00000, 0x0000000714c00000| Untracked 
|  81|0x0000000714e00000, 0x0000000714e00000, 0x0000000715000000|  0%| F|  |TAMS 0x0000000714e00000, 0x0000000714e00000| Untracked 
|  82|0x0000000715000000, 0x0000000715000000, 0x0000000715200000|  0%| F|  |TAMS 0x0000000715000000, 0x0000000715000000| Untracked 
|  83|0x0000000715200000, 0x0000000715200000, 0x0000000715400000|  0%| F|  |TAMS 0x0000000715200000, 0x0000000715200000| Untracked 
|  84|0x0000000715400000, 0x0000000715400000, 0x0000000715600000|  0%| F|  |TAMS 0x0000000715400000, 0x0000000715400000| Untracked 
|  85|0x0000000715600000, 0x0000000715600000, 0x0000000715800000|  0%| F|  |TAMS 0x0000000715600000, 0x0000000715600000| Untracked 
|  86|0x0000000715800000, 0x0000000715800000, 0x0000000715a00000|  0%| F|  |TAMS 0x0000000715800000, 0x0000000715800000| Untracked 
|  87|0x0000000715a00000, 0x0000000715a00000, 0x0000000715c00000|  0%| F|  |TAMS 0x0000000715a00000, 0x0000000715a00000| Untracked 
|  88|0x0000000715c00000, 0x0000000715c00000, 0x0000000715e00000|  0%| F|  |TAMS 0x0000000715c00000, 0x0000000715c00000| Untracked 
|  89|0x0000000715e00000, 0x0000000715e00000, 0x0000000716000000|  0%| F|  |TAMS 0x0000000715e00000, 0x0000000715e00000| Untracked 
|  90|0x0000000716000000, 0x0000000716000000, 0x0000000716200000|  0%| F|  |TAMS 0x0000000716000000, 0x0000000716000000| Untracked 
|  91|0x0000000716200000, 0x0000000716200000, 0x0000000716400000|  0%| F|  |TAMS 0x0000000716200000, 0x0000000716200000| Untracked 
|  92|0x0000000716400000, 0x0000000716400000, 0x0000000716600000|  0%| F|  |TAMS 0x0000000716400000, 0x0000000716400000| Untracked 
|  93|0x0000000716600000, 0x0000000716600000, 0x0000000716800000|  0%| F|  |TAMS 0x0000000716600000, 0x0000000716600000| Untracked 
|  94|0x0000000716800000, 0x0000000716800000, 0x0000000716a00000|  0%| F|  |TAMS 0x0000000716800000, 0x0000000716800000| Untracked 
|  95|0x0000000716a00000, 0x0000000716a00000, 0x0000000716c00000|  0%| F|  |TAMS 0x0000000716a00000, 0x0000000716a00000| Untracked 
|  96|0x0000000716c00000, 0x0000000716c00000, 0x0000000716e00000|  0%| F|  |TAMS 0x0000000716c00000, 0x0000000716c00000| Untracked 
|  97|0x0000000716e00000, 0x0000000716e00000, 0x0000000717000000|  0%| F|  |TAMS 0x0000000716e00000, 0x0000000716e00000| Untracked 
|  98|0x0000000717000000, 0x0000000717000000, 0x0000000717200000|  0%| F|  |TAMS 0x0000000717000000, 0x0000000717000000| Untracked 
|  99|0x0000000717200000, 0x0000000717200000, 0x0000000717400000|  0%| F|  |TAMS 0x0000000717200000, 0x0000000717200000| Untracked 
| 100|0x0000000717400000, 0x0000000717400000, 0x0000000717600000|  0%| F|  |TAMS 0x0000000717400000, 0x0000000717400000| Untracked 
| 101|0x0000000717600000, 0x0000000717600000, 0x0000000717800000|  0%| F|  |TAMS 0x0000000717600000, 0x0000000717600000| Untracked 
| 102|0x0000000717800000, 0x0000000717800000, 0x0000000717a00000|  0%| F|  |TAMS 0x0000000717800000, 0x0000000717800000| Untracked 
| 103|0x0000000717a00000, 0x0000000717a00000, 0x0000000717c00000|  0%| F|  |TAMS 0x0000000717a00000, 0x0000000717a00000| Untracked 
| 104|0x0000000717c00000, 0x0000000717c00000, 0x0000000717e00000|  0%| F|  |TAMS 0x0000000717c00000, 0x0000000717c00000| Untracked 
| 105|0x0000000717e00000, 0x0000000717e00000, 0x0000000718000000|  0%| F|  |TAMS 0x0000000717e00000, 0x0000000717e00000| Untracked 
| 106|0x0000000718000000, 0x0000000718000000, 0x0000000718200000|  0%| F|  |TAMS 0x0000000718000000, 0x0000000718000000| Untracked 
| 107|0x0000000718200000, 0x0000000718200000, 0x0000000718400000|  0%| F|  |TAMS 0x0000000718200000, 0x0000000718200000| Untracked 
| 108|0x0000000718400000, 0x0000000718400000, 0x0000000718600000|  0%| F|  |TAMS 0x0000000718400000, 0x0000000718400000| Untracked 
| 109|0x0000000718600000, 0x0000000718600000, 0x0000000718800000|  0%| F|  |TAMS 0x0000000718600000, 0x0000000718600000| Untracked 
| 110|0x0000000718800000, 0x0000000718800000, 0x0000000718a00000|  0%| F|  |TAMS 0x0000000718800000, 0x0000000718800000| Untracked 
| 111|0x0000000718a00000, 0x0000000718a00000, 0x0000000718c00000|  0%| F|  |TAMS 0x0000000718a00000, 0x0000000718a00000| Untracked 
| 112|0x0000000718c00000, 0x0000000718c00000, 0x0000000718e00000|  0%| F|  |TAMS 0x0000000718c00000, 0x0000000718c00000| Untracked 
| 113|0x0000000718e00000, 0x0000000718e00000, 0x0000000719000000|  0%| F|  |TAMS 0x0000000718e00000, 0x0000000718e00000| Untracked 
| 114|0x0000000719000000, 0x00000007190e3360, 0x0000000719200000| 44%| E|  |TAMS 0x0000000719000000, 0x0000000719000000| Complete 
| 115|0x0000000719200000, 0x0000000719400000, 0x0000000719400000|100%| E|CS|TAMS 0x0000000719200000, 0x0000000719200000| Complete 
| 116|0x0000000719400000, 0x0000000719600000, 0x0000000719600000|100%| E|CS|TAMS 0x0000000719400000, 0x0000000719400000| Complete 
| 117|0x0000000719600000, 0x0000000719800000, 0x0000000719800000|100%| E|CS|TAMS 0x0000000719600000, 0x0000000719600000| Complete 
| 118|0x0000000719800000, 0x0000000719a00000, 0x0000000719a00000|100%| E|CS|TAMS 0x0000000719800000, 0x0000000719800000| Complete 
| 119|0x0000000719a00000, 0x0000000719c00000, 0x0000000719c00000|100%| E|CS|TAMS 0x0000000719a00000, 0x0000000719a00000| Complete 
| 120|0x0000000719c00000, 0x0000000719e00000, 0x0000000719e00000|100%| E|CS|TAMS 0x0000000719c00000, 0x0000000719c00000| Complete 
| 121|0x0000000719e00000, 0x000000071a000000, 0x000000071a000000|100%| E|CS|TAMS 0x0000000719e00000, 0x0000000719e00000| Complete 
| 122|0x000000071a000000, 0x000000071a200000, 0x000000071a200000|100%| E|CS|TAMS 0x000000071a000000, 0x000000071a000000| Complete 

Card table byte_map: [0x0000024f4b220000,0x0000024f4b9d0000] _byte_map_base: 0x0000024f479ca000

Marking Bits (Prev, Next): (CMBitMap*) 0x0000024f316e7890, (CMBitMap*) 0x0000024f316e78d0
 Prev Bits: [0x0000024f4c180000, 0x0000024f4fed0000)
 Next Bits: [0x0000024f4fed0000, 0x0000024f53c20000)

Polling page: 0x0000024f31740000

Metaspace:

Usage:
  Non-class:      5.99 MB used.
      Class:    723.54 KB used.
       Both:      6.69 MB used.

Virtual space:
  Non-class space:       64.00 MB reserved,       6.06 MB (  9%) committed,  1 nodes.
      Class space:        1.00 GB reserved,     832.00 KB ( <1%) committed,  1 nodes.
             Both:        1.06 GB reserved,       6.88 MB ( <1%) committed. 

Chunk freelists:
   Non-Class:  1.00 MB
       Class:  3.24 MB
        Both:  4.24 MB

MaxMetaspaceSize: unlimited
CompressedClassSpaceSize: 1.00 GB
Initial GC threshold: 21.00 MB
Current GC threshold: 21.00 MB
CDS: on
MetaspaceReclaimPolicy: balanced
 - commit_granule_bytes: 65536.
 - commit_granule_words: 8192.
 - virtual_space_node_default_size: 8388608.
 - enlarge_chunks_in_place: 1.
 - new_chunks_are_fully_committed: 0.
 - uncommit_free_chunks: 1.
 - use_allocation_guard: 0.


Internal statistics:

num_allocs_failed_limit: 0.
num_arena_births: 142.
num_arena_deaths: 0.
num_vsnodes_births: 2.
num_vsnodes_deaths: 0.
num_space_committed: 110.
num_space_uncommitted: 0.
num_chunks_returned_to_freelist: 0.
num_chunks_taken_from_freelist: 156.
num_chunk_merges: 0.
num_chunk_splits: 106.
num_chunks_enlarged: 69.
num_inconsistent_stats: 0.

CodeHeap 'non-profiled nmethods': size=120000Kb used=301Kb max_used=301Kb free=119698Kb
 bounds [0x0000024f428b0000, 0x0000024f42b20000, 0x0000024f49de0000]
CodeHeap 'profiled nmethods': size=120000Kb used=1701Kb max_used=1701Kb free=118298Kb
 bounds [0x0000024f3ade0000, 0x0000024f3b050000, 0x0000024f42310000]
CodeHeap 'non-nmethods': size=5760Kb used=1356Kb max_used=1370Kb free=4403Kb
 bounds [0x0000024f42310000, 0x0000024f42580000, 0x0000024f428b0000]
 total_blobs=1667 nmethods=1067 adapters=511
 compilation: enabled
              stopped_count=0, restarted_count=0
 full_count=0

Compilation events (20 events):
Event: 0.817 Thread 0x0000024f5692a8f0 nmethod 1040 0x0000024f428f6c90 code [0x0000024f428f6e20, 0x0000024f428f6ed8]
Event: 0.817 Thread 0x0000024f5692a8f0 1041       4       java.nio.HeapCharBuffer::put (16 bytes)
Event: 0.818 Thread 0x0000024f5692a8f0 nmethod 1041 0x0000024f428f6f90 code [0x0000024f428f7120, 0x0000024f428f7218]
Event: 0.818 Thread 0x0000024f5692a8f0 1042   !   4       sun.font.TrueTypeFont::getTableBuffer (215 bytes)
Event: 0.819 Thread 0x0000024f56931390 nmethod 1038 0x0000024f3af7fc10 code [0x0000024f3af80020, 0x0000024f3af81fd8]
Event: 0.819 Thread 0x0000024f56931390 1043       3       java.util.HashMap::prepareArray (38 bytes)
Event: 0.819 Thread 0x0000024f56931390 nmethod 1043 0x0000024f3af82c90 code [0x0000024f3af82e80, 0x0000024f3af83498]
Event: 0.819 Thread 0x0000024f56931390 1044       3       java.util.HashSet::toArray (16 bytes)
Event: 0.819 Thread 0x0000024f56931390 nmethod 1044 0x0000024f3af83690 code [0x0000024f3af83840, 0x0000024f3af83a58]
Event: 0.821 Thread 0x0000024f56931390 1045       3       java.lang.StringUTF16::newBytesFor (61 bytes)
Event: 0.822 Thread 0x0000024f56931390 nmethod 1045 0x0000024f3af83b10 code [0x0000024f3af83d80, 0x0000024f3af845b8]
Event: 0.828 Thread 0x0000024f56931390 1048       3       sun.nio.ch.FileDispatcherImpl::size (5 bytes)
Event: 0.829 Thread 0x0000024f56931390 nmethod 1048 0x0000024f3af84910 code [0x0000024f3af84ac0, 0x0000024f3af84c08]
Event: 0.834 Thread 0x0000024f56931390 1052   !   3       sun.font.TrueTypeFont::getAllFullNames (30 bytes)
Event: 0.835 Thread 0x0000024f56931390 nmethod 1052 0x0000024f3af84c90 code [0x0000024f3af84ec0, 0x0000024f3af857c8]
Event: 0.835 Thread 0x0000024f56931390 1054  s    3       sun.font.FontFamily::addLocaleNames (45 bytes)
Event: 0.835 Thread 0x0000024f5b76abd0 1051   !   4       sun.nio.cs.UnicodeDecoder::decodeLoop (304 bytes)
Event: 0.836 Thread 0x0000024f56931390 nmethod 1054 0x0000024f3af85a90 code [0x0000024f3af85cc0, 0x0000024f3af86568]
Event: 0.836 Thread 0x0000024f56931390 1053   !   3       sun.font.TrueTypeFont::getAllFamilyNames (30 bytes)
Event: 0.836 Thread 0x0000024f56931390 nmethod 1053 0x0000024f3af86890 code [0x0000024f3af86ac0, 0x0000024f3af873c8]

GC Heap History (0 events):
No events

Dll operation events (9 events):
Event: 0.011 Loaded shared library C:\Program Files\Java\jdk-19\bin\java.dll
Event: 0.077 Loaded shared library C:\Program Files\Java\jdk-19\bin\jsvml.dll
Event: 0.132 Loaded shared library C:\Program Files\Java\jdk-19\bin\net.dll
Event: 0.134 Loaded shared library C:\Program Files\Java\jdk-19\bin\nio.dll
Event: 0.169 Loaded shared library C:\Program Files\Java\jdk-19\bin\zip.dll
Event: 0.193 Loaded shared library C:\Program Files\Java\jdk-19\bin\jimage.dll
Event: 0.221 Loaded shared library C:\Program Files\Java\jdk-19\bin\awt.dll
Event: 0.455 Loaded shared library C:\Program Files\Java\jdk-19\bin\freetype.dll
Event: 0.456 Loaded shared library C:\Program Files\Java\jdk-19\bin\fontmanager.dll

Deoptimization events (20 events):
Event: 0.482 Thread 0x0000024f31675c70 DEOPT PACKING pc=0x0000024f428dad00 sp=0x00000086c16fe6d0
Event: 0.482 Thread 0x0000024f31675c70 DEOPT UNPACKING pc=0x0000024f42376da3 sp=0x00000086c16fe650 mode 2
Event: 0.579 Thread 0x0000024f5b629480 Uncommon trap: trap_request=0xffffff45 fr.pc=0x0000024f428e4e2c relative=0x000000000000046c
Event: 0.579 Thread 0x0000024f5b629480 Uncommon trap: reason=unstable_if action=reinterpret pc=0x0000024f428e4e2c method=java.lang.StringLatin1.toLowerCase(Ljava/lang/String;[BLjava/util/Locale;)Ljava/lang/String; @ 43 c2
Event: 0.579 Thread 0x0000024f5b629480 DEOPT PACKING pc=0x0000024f428e4e2c sp=0x00000086c37fc400
Event: 0.579 Thread 0x0000024f5b629480 DEOPT UNPACKING pc=0x0000024f42376da3 sp=0x00000086c37fc370 mode 2
Event: 0.611 Thread 0x0000024f5b629480 DEOPT PACKING pc=0x0000024f3aee2f8a sp=0x00000086c37fcee0
Event: 0.611 Thread 0x0000024f5b629480 DEOPT UNPACKING pc=0x0000024f42377543 sp=0x00000086c37fc368 mode 0
Event: 0.661 Thread 0x0000024f5b629480 DEOPT PACKING pc=0x0000024f3adf9767 sp=0x00000086c37fcb10
Event: 0.661 Thread 0x0000024f5b629480 DEOPT UNPACKING pc=0x0000024f42377543 sp=0x00000086c37fbf30 mode 0
Event: 0.734 Thread 0x0000024f5b629480 DEOPT PACKING pc=0x0000024f3ade86d1 sp=0x00000086c37fc520
Event: 0.734 Thread 0x0000024f5b629480 DEOPT UNPACKING pc=0x0000024f42377543 sp=0x00000086c37fb998 mode 0
Event: 0.799 Thread 0x0000024f5b629480 Uncommon trap: trap_request=0xffffff45 fr.pc=0x0000024f428b9fb8 relative=0x0000000000000098
Event: 0.799 Thread 0x0000024f5b629480 Uncommon trap: reason=unstable_if action=reinterpret pc=0x0000024f428b9fb8 method=java.lang.String.isLatin1()Z @ 10 c2
Event: 0.799 Thread 0x0000024f5b629480 DEOPT PACKING pc=0x0000024f428b9fb8 sp=0x00000086c37fcd40
Event: 0.799 Thread 0x0000024f5b629480 DEOPT UNPACKING pc=0x0000024f42376da3 sp=0x00000086c37fcc70 mode 2
Event: 0.816 Thread 0x0000024f5b629480 Uncommon trap: trap_request=0xffffff45 fr.pc=0x0000024f428f5228 relative=0x00000000000003e8
Event: 0.816 Thread 0x0000024f5b629480 Uncommon trap: reason=unstable_if action=reinterpret pc=0x0000024f428f5228 method=java.lang.Character.isSurrogate(C)Z @ 3 c2
Event: 0.816 Thread 0x0000024f5b629480 DEOPT PACKING pc=0x0000024f428f5228 sp=0x00000086c37fca10
Event: 0.816 Thread 0x0000024f5b629480 DEOPT UNPACKING pc=0x0000024f42376da3 sp=0x00000086c37fc928 mode 2

Classes loaded (20 events):
Event: 0.587 Loading class sun/nio/cs/UTF_16$Decoder
Event: 0.587 Loading class sun/nio/cs/UnicodeDecoder
Event: 0.587 Loading class sun/nio/cs/UnicodeDecoder done
Event: 0.587 Loading class sun/nio/cs/UTF_16$Decoder done
Event: 0.598 Loading class sun/font/SunFontManager$3
Event: 0.598 Loading class sun/font/SunFontManager$3 done
Event: 0.603 Loading class jdk/internal/foreign/MemorySessionImpl
Event: 0.603 Loading class java/lang/foreign/MemorySession
Event: 0.603 Loading class java/lang/foreign/SegmentAllocator
Event: 0.603 Loading class java/lang/foreign/SegmentAllocator done
Event: 0.603 Loading class java/lang/foreign/MemorySession done
Event: 0.604 Loading class jdk/internal/foreign/MemorySessionImpl done
Event: 0.630 Loading class sun/font/SunFontManager$8
Event: 0.630 Loading class sun/font/SunFontManager$8 done
Event: 0.631 Loading class sun/font/SunFontManager$9
Event: 0.631 Loading class sun/font/SunFontManager$9 done
Event: 0.808 Loading class java/lang/foreign/MemorySegment
Event: 0.808 Loading class java/lang/foreign/Addressable
Event: 0.808 Loading class java/lang/foreign/Addressable done
Event: 0.808 Loading class java/lang/foreign/MemorySegment done

Classes unloaded (0 events):
No events

Classes redefined (0 events):
No events

Internal exceptions (16 events):
Event: 0.135 Thread 0x0000024f31675c70 Exception <a 'sun/nio/fs/WindowsException'{0x000000071a19cdc0}> (0x000000071a19cdc0) 
thrown [s\open\src\hotspot\share\prims\jni.cpp, line 517]
Event: 0.135 Thread 0x0000024f31675c70 Exception <a 'sun/nio/fs/WindowsException'{0x000000071a19d3a0}> (0x000000071a19d3a0) 
thrown [s\open\src\hotspot\share\prims\jni.cpp, line 517]
Event: 0.137 Thread 0x0000024f31675c70 Exception <a 'sun/nio/fs/WindowsException'{0x000000071a19fa20}> (0x000000071a19fa20) 
thrown [s\open\src\hotspot\share\prims\jni.cpp, line 517]
Event: 0.137 Thread 0x0000024f31675c70 Exception <a 'sun/nio/fs/WindowsException'{0x000000071a1a05f8}> (0x000000071a1a05f8) 
thrown [s\open\src\hotspot\share\prims\jni.cpp, line 517]
Event: 0.198 Thread 0x0000024f31675c70 Exception <a 'java/lang/ClassNotFoundException'{0x0000000719f14a88}: sun/awt/resources/spi/awtProvider> (0x0000000719f14a88) 
thrown [s\open\src\hotspot\share\classfile\systemDictionary.cpp, line 255]
Event: 0.232 Thread 0x0000024f31675c70 Exception <a 'java/io/FileNotFoundException'{0x0000000719f6bf68}> (0x0000000719f6bf68) 
thrown [s\open\src\hotspot\share\prims\jni.cpp, line 517]
Event: 0.237 Thread 0x0000024f31675c70 Exception <a 'java/io/FileNotFoundException'{0x0000000719f986c8}> (0x0000000719f986c8) 
thrown [s\open\src\hotspot\share\prims\jni.cpp, line 517]
Event: 0.277 Thread 0x0000024f31675c70 Exception <a 'java/lang/NoSuchMethodError'{0x0000000719fdd370}: 'java.lang.Object java.lang.invoke.DirectMethodHandle$Holder.invokeStaticInit(java.lang.Object)'> (0x0000000719fdd370) 
thrown [s\open\src\hotspot\share\interpreter\linkResolver.cpp, line 774]
Event: 0.365 Thread 0x0000024f31675c70 Exception <a 'java/lang/NoSuchMethodError'{0x0000000719d14b98}: 'void java.lang.invoke.DirectMethodHandle$Holder.invokeSpecial(java.lang.Object, java.lang.Object, java.lang.Object)'> (0x0000000719d14b98) 
thrown [s\open\src\hotspot\share\interpreter\linkResolver.cpp, line 774]
Event: 0.374 Thread 0x0000024f31675c70 Exception <a 'java/lang/NoSuchMethodError'{0x0000000719d3f6a0}: 'java.lang.Object java.lang.invoke.DirectMethodHandle$Holder.newInvokeSpecial(java.lang.Object, java.lang.Object, java.lang.Object, java.lang.Object, java.lang.Object)'> (0x0000000719d3f6a0) 
thrown [s\open\src\hotspot\share\interpreter\linkResolver.cpp, line 774]
Event: 0.382 Thread 0x0000024f31675c70 Exception <a 'java/lang/NoSuchMethodError'{0x0000000719d70fc8}: 'java.lang.Object java.lang.invoke.DirectMethodHandle$Holder.invokeStatic(java.lang.Object, int, java.lang.Object)'> (0x0000000719d70fc8) 
thrown [s\open\src\hotspot\share\interpreter\linkResolver.cpp, line 774]
Event: 0.405 Thread 0x0000024f31675c70 Exception <a 'java/lang/ClassNotFoundException'{0x0000000719a2ce58}: com/sun/swing/internal/plaf/metal/resources/spi/metalProvider> (0x0000000719a2ce58) 
thrown [s\open\src\hotspot\share\classfile\systemDictionary.cpp, line 255]
Event: 0.406 Thread 0x0000024f31675c70 Exception <a 'java/lang/ClassNotFoundException'{0x0000000719a30e28}: com/sun/swing/internal/plaf/basic/resources/spi/basicProvider> (0x0000000719a30e28) 
thrown [s\open\src\hotspot\share\classfile\systemDictionary.cpp, line 255]
Event: 0.414 Thread 0x0000024f31675c70 Exception <a 'java/lang/NoSuchMethodError'{0x0000000719a50ae8}: 'int java.lang.invoke.Invokers$Holder.invokeExact_MT(java.lang.Object, java.lang.Object)'> (0x0000000719a50ae8) 
thrown [s\open\src\hotspot\share\interpreter\linkResolver.cpp, line 774]
Event: 0.435 Thread 0x0000024f5af69060 Exception <a 'java/lang/NoSuchMethodError'{0x0000000719c81240}: 'void java.lang.invoke.DirectMethodHandle$Holder.invokeVirtual(java.lang.Object, java.lang.Object)'> (0x0000000719c81240) 
thrown [s\open\src\hotspot\share\interpreter\linkResolver.cpp, line 774]
Event: 0.450 Thread 0x0000024f31675c70 Exception <a 'java/lang/NoSuchMethodError'{0x0000000719b008b0}: 'void java.lang.invoke.DirectMethodHandle$Holder.invokeStaticInit(java.lang.Object)'> (0x0000000719b008b0) 
thrown [s\open\src\hotspot\share\interpreter\linkResolver.cpp, line 774]

VM Operations (6 events):
Event: 0.138 Executing VM operation: HandshakeAllThreads
Event: 0.138 Executing VM operation: HandshakeAllThreads done
Event: 0.243 Executing VM operation: HandshakeAllThreads
Event: 0.243 Executing VM operation: HandshakeAllThreads done
Event: 0.418 Executing VM operation: HandshakeAllThreads
Event: 0.418 Executing VM operation: HandshakeAllThreads done

Events (20 events):
Event: 0.087 Thread 0x0000024f56917c00 Thread added: 0x0000024f56917c00
Event: 0.088 Thread 0x0000024f5691a540 Thread added: 0x0000024f5691a540
Event: 0.088 Thread 0x0000024f5691ef70 Thread added: 0x0000024f5691ef70
Event: 0.088 Thread 0x0000024f5691fb20 Thread added: 0x0000024f5691fb20
Event: 0.104 Thread 0x0000024f56922070 Thread added: 0x0000024f56922070
Event: 0.105 Thread 0x0000024f5692a8f0 Thread added: 0x0000024f5692a8f0
Event: 0.105 Thread 0x0000024f56931390 Thread added: 0x0000024f56931390
Event: 0.105 Thread 0x0000024f56931910 Thread added: 0x0000024f56931910
Event: 0.122 Thread 0x0000024f568edb70 Thread added: 0x0000024f568edb70
Event: 0.147 Thread 0x0000024f5ad43650 Thread added: 0x0000024f5ad43650
Event: 0.184 Thread 0x0000024f31676b50 Thread added: 0x0000024f31676b50
Event: 0.278 Thread 0x0000024f5ade9fe0 Thread added: 0x0000024f5ade9fe0
Event: 0.279 Thread 0x0000024f5adea520 Thread added: 0x0000024f5adea520
Event: 0.281 Thread 0x0000024f5af69060 Thread added: 0x0000024f5af69060
Event: 0.434 Thread 0x0000024f5b629480 Thread added: 0x0000024f5b629480
Event: 0.523 Thread 0x0000024f31675c70 Thread exited: 0x0000024f31675c70
Event: 0.523 Thread 0x0000024f31675c70 Thread added: 0x0000024f31675c70
Event: 0.530 Thread 0x0000024f5acfa2a0 Thread added: 0x0000024f5acfa2a0
Event: 0.712 Thread 0x0000024f31676b50 Thread exited: 0x0000024f31676b50
Event: 0.835 Thread 0x0000024f5b76abd0 Thread added: 0x0000024f5b76abd0


Dynamic libraries:
0x00007ff6e1120000 - 0x00007ff6e1130000 	C:\Program Files\Java\jdk-19\bin\java.exe
0x00007ffe14bd0000 - 0x00007ffe14de4000 	C:\windows\SYSTEM32\ntdll.dll
0x00007ffe146c0000 - 0x00007ffe14784000 	C:\windows\System32\KERNEL32.DLL
0x00007ffe12490000 - 0x00007ffe12834000 	C:\windows\System32\KERNELBASE.dll
0x00007ffe12370000 - 0x00007ffe12481000 	C:\windows\System32\ucrtbase.dll
0x00007ffe0d2b0000 - 0x00007ffe0d2cb000 	C:\Program Files\Java\jdk-19\bin\VCRUNTIME140.dll
0x00007ffdf74d0000 - 0x00007ffdf74e8000 	C:\Program Files\Java\jdk-19\bin\jli.dll
0x00007ffe13020000 - 0x00007ffe130d0000 	C:\windows\System32\ADVAPI32.dll
0x00007ffe13c20000 - 0x00007ffe13cc7000 	C:\windows\System32\msvcrt.dll
0x00007ffe14250000 - 0x00007ffe142f6000 	C:\windows\System32\sechost.dll
0x00007ffe13aa0000 - 0x00007ffe13bb7000 	C:\windows\System32\RPCRT4.dll
0x00007ffe14430000 - 0x00007ffe145da000 	C:\windows\System32\USER32.dll
0x00007ffe12960000 - 0x00007ffe12986000 	C:\windows\System32\win32u.dll
0x00007ffdf6ce0000 - 0x00007ffdf6f6f000 	C:\windows\WinSxS\amd64_microsoft.windows.common-controls_6595b64144ccf1df_6.0.22621.2070_none_2713e6537381f706\COMCTL32.dll
0x00007ffe12b50000 - 0x00007ffe12b79000 	C:\windows\System32\GDI32.dll
0x00007ffe12840000 - 0x00007ffe12959000 	C:\windows\System32\gdi32full.dll
0x00007ffe12210000 - 0x00007ffe122aa000 	C:\windows\System32\msvcp_win.dll
0x00007ffe08e50000 - 0x00007ffe08e5a000 	C:\windows\SYSTEM32\VERSION.dll
0x00007ffe13d50000 - 0x00007ffe13d81000 	C:\windows\System32\IMM32.DLL
0x00007ffe0e8c0000 - 0x00007ffe0e8cc000 	C:\Program Files\Java\jdk-19\bin\vcruntime140_1.dll
0x00007ffdf77a0000 - 0x00007ffdf782e000 	C:\Program Files\Java\jdk-19\bin\msvcp140.dll
0x00007ffdc4fb0000 - 0x00007ffdc5c70000 	C:\Program Files\Java\jdk-19\bin\server\jvm.dll
0x00007ffdea3d0000 - 0x00007ffdea3d9000 	C:\windows\SYSTEM32\WSOCK32.dll
0x00007ffe145e0000 - 0x00007ffe14651000 	C:\windows\System32\WS2_32.dll
0x00007ffe07c80000 - 0x00007ffe07cb4000 	C:\windows\SYSTEM32\WINMM.dll
0x00007ffe10fd0000 - 0x00007ffe10fe8000 	C:\windows\SYSTEM32\kernel.appcore.dll
0x00007ffe0d2a0000 - 0x00007ffe0d2aa000 	C:\Program Files\Java\jdk-19\bin\jimage.dll
0x00007ffe0f9a0000 - 0x00007ffe0fbce000 	C:\windows\SYSTEM32\DBGHELP.DLL
0x00007ffe14790000 - 0x00007ffe14b1a000 	C:\windows\System32\combase.dll
0x00007ffe14170000 - 0x00007ffe14247000 	C:\windows\System32\OLEAUT32.dll
0x00007ffdfa800000 - 0x00007ffdfa832000 	C:\windows\SYSTEM32\dbgcore.DLL
0x00007ffe11fb0000 - 0x00007ffe1202a000 	C:\windows\System32\bcryptPrimitives.dll
0x00007ffdfeb70000 - 0x00007ffdfeb96000 	C:\Program Files\Java\jdk-19\bin\java.dll
0x00007ffde9d50000 - 0x00007ffde9e27000 	C:\Program Files\Java\jdk-19\bin\jsvml.dll
0x00007ffe130d0000 - 0x00007ffe138e6000 	C:\windows\System32\SHELL32.dll
0x00007ffe0ff30000 - 0x00007ffe1081a000 	C:\windows\SYSTEM32\windows.storage.dll
0x00007ffe0fdf0000 - 0x00007ffe0ff2e000 	C:\windows\SYSTEM32\wintypes.dll
0x00007ffe13980000 - 0x00007ffe13a73000 	C:\windows\System32\SHCORE.dll
0x00007ffe14660000 - 0x00007ffe146be000 	C:\windows\System32\shlwapi.dll
0x00007ffe11ee0000 - 0x00007ffe11f06000 	C:\windows\SYSTEM32\profapi.dll
0x00007ffe0d110000 - 0x00007ffe0d123000 	C:\Program Files\Java\jdk-19\bin\net.dll
0x00007ffe0b9e0000 - 0x00007ffe0bb17000 	C:\windows\SYSTEM32\WINHTTP.dll
0x00007ffe114e0000 - 0x00007ffe11549000 	C:\windows\system32\mswsock.dll
0x00007ffe05c90000 - 0x00007ffe05ca6000 	C:\Program Files\Java\jdk-19\bin\nio.dll
0x00007ffdf7880000 - 0x00007ffdf7898000 	C:\Program Files\Java\jdk-19\bin\zip.dll
0x00007ffdc4e10000 - 0x00007ffdc4fa1000 	C:\Program Files\Java\jdk-19\bin\awt.dll
0x00007ffe0f030000 - 0x00007ffe0f0c7000 	C:\windows\SYSTEM32\apphelp.dll
0x00007ffe0f450000 - 0x00007ffe0f47b000 	C:\windows\system32\DWMAPI.DLL
0x00007ffe0f1a0000 - 0x00007ffe0f24b000 	C:\windows\system32\uxtheme.dll
0x00007ffd995d0000 - 0x00007ffd996d0000 	C:\windows\system32\opengl32.dll
0x00007ffd990b0000 - 0x00007ffd990dd000 	C:\windows\SYSTEM32\GLU32.dll
0x00007ffe0f2e0000 - 0x00007ffe0f318000 	C:\windows\SYSTEM32\dxcore.dll
0x00007ffe14300000 - 0x00007ffe14427000 	C:\windows\System32\MSCTF.dll
0x00007ffe13e90000 - 0x00007ffe1402c000 	C:\windows\System32\ole32.dll
0x00007ffd9b200000 - 0x00007ffd9b3a9000 	C:\windows\system32\d3d9.dll
0x00007ffe089f0000 - 0x00007ffe08bab000 	C:\windows\System32\DriverStore\FileRepository\u0387389.inf_amd64_995be970e30b8c79\B385477\aticfx64.dll
0x00007ffd81a70000 - 0x00007ffd81aa4000 	C:\windows\System32\DriverStore\FileRepository\u0387389.inf_amd64_995be970e30b8c79\B385477\atiu9p64.dll
0x00007ffd80d10000 - 0x00007ffd81a65000 	C:\windows\System32\DriverStore\FileRepository\u0387389.inf_amd64_995be970e30b8c79\B385477\atiumd64.dll
0x0000000066190000 - 0x00000000670b7000 	C:\windows\System32\DriverStore\FileRepository\u0387389.inf_amd64_995be970e30b8c79\B385477\atiumd6a.dll
0x00007ffe12ba0000 - 0x00007ffe13014000 	C:\windows\System32\SETUPAPI.dll
0x00007ffe117e0000 - 0x00007ffe1182d000 	C:\windows\SYSTEM32\POWRPROF.dll
0x00007ffe11770000 - 0x00007ffe11783000 	C:\windows\SYSTEM32\UMPDC.dll
0x00007ffe05f00000 - 0x00007ffe05f35000 	C:\windows\SYSTEM32\amdihk64.dll
0x00007ffe0b990000 - 0x00007ffe0b9da000 	C:\windows\SYSTEM32\directxdatabasehelper.dll
0x00007ffdedfe0000 - 0x00007ffdee066000 	C:\Program Files\Java\jdk-19\bin\freetype.dll
0x00007ffdd63b0000 - 0x00007ffdd6475000 	C:\Program Files\Java\jdk-19\bin\fontmanager.dll
0x00007ffdf9820000 - 0x00007ffdf994d000 	C:\windows\SYSTEM32\textinputframework.dll

dbghelp: loaded successfully - version: 4.0.5 - missing functions: none
symbol engine: initialized successfully - sym options: 0x614 - pdb path: .;C:\Program Files\Java\jdk-19\bin;C:\windows\SYSTEM32;C:\windows\WinSxS\amd64_microsoft.windows.common-controls_6595b64144ccf1df_6.0.22621.2070_none_2713e6537381f706;C:\Program Files\Java\jdk-19\bin\server;C:\windows\System32\DriverStore\FileRepository\u0387389.inf_amd64_995be970e30b8c79\B385477

VM Arguments:
jvm_args: -Dfile.encoding=UTF-8 --module-path=C:\Users\ashis\OneDrive\Desktop\Documents\NetBeansProjects\BANK MANAGEMENT SYSTEM\build\classes 
java_command: bank.management.system.SignupThree
java_class_path (initial): C:\Users\ashis\OneDrive\Desktop\Documents\NetBeansProjects\BANK MANAGEMENT SYSTEM\jcalendar-tz-1.3.3-4.jar;C:\Users\ashis\OneDrive\Desktop\Documents\NetBeansProjects\BANK MANAGEMENT SYSTEM\mysql-connector-java-8.0.28.jar;C:\Users\ashis\OneDrive\Desktop\Documents\NetBeansProjects\BANK MANAGEMENT SYSTEM\build\classes
Launcher Type: SUN_STANDARD

[Global flags]
     intx CICompilerCount                          = 4                                         {product} {ergonomic}
     uint ConcGCThreads                            = 3                                         {product} {ergonomic}
     uint G1ConcRefinementThreads                  = 10                                        {product} {ergonomic}
   size_t G1HeapRegionSize                         = 2097152                                   {product} {ergonomic}
    uintx GCDrainStackTargetSize                   = 64                                        {product} {ergonomic}
   size_t InitialHeapSize                          = 257949696                                 {product} {ergonomic}
   size_t MarkStackSize                            = 4194304                                   {product} {ergonomic}
   size_t MaxHeapSize                              = 4114612224                                {product} {ergonomic}
   size_t MaxNewSize                               = 2468347904                                {product} {ergonomic}
   size_t MinHeapDeltaBytes                        = 2097152                                   {product} {ergonomic}
   size_t MinHeapSize                              = 8388608                                   {product} {ergonomic}
    uintx NonNMethodCodeHeapSize                   = 5839372                                {pd product} {ergonomic}
    uintx NonProfiledCodeHeapSize                  = 122909434                              {pd product} {ergonomic}
    uintx ProfiledCodeHeapSize                     = 122909434                              {pd product} {ergonomic}
    uintx ReservedCodeCacheSize                    = 251658240                              {pd product} {ergonomic}
     bool SegmentedCodeCache                       = true                                      {product} {ergonomic}
   size_t SoftMaxHeapSize                          = 4114612224                             {manageable} {ergonomic}
     bool UseCompressedClassPointers               = true                           {product lp64_product} {ergonomic}
     bool UseCompressedOops                        = true                           {product lp64_product} {ergonomic}
     bool UseG1GC                                  = true                                      {product} {ergonomic}
     bool UseLargePagesIndividualAllocation        = false                                  {pd product} {ergonomic}

Logging:
Log output configuration:
 #0: stdout all=warning uptime,level,tags foldmultilines=false
 #1: stderr all=off uptime,level,tags foldmultilines=false

Environment Variables:
PATH=C:\Program Files\Common Files\Oracle\Java\javapath;C:\oraclexe\app\oracle\product\10.2.0\server\bin;C:\windows\system32;C:\windows;C:\windows\System32\Wbem;C:\windows\System32\WindowsPowerShell\v1.0\;C:\windows\System32\OpenSSH\;C:\Program Files\Git\cmd;C:\Program Files\nodejs\;C:\Program Files\Java\jdk-17\bin;C:\Program Files\MySQL\MySQL Shell 8.0\bin\;C:\Users\ashis\AppData\Local\Microsoft\WindowsApps;;C:\Users\ashis\AppData\Local\Programs\Microsoft VS Code\bin;C:\Program Files\JetBrains\IntelliJ IDEA Community Edition 2022.2.3\bin;;C:\Users\ashis\AppData\Roaming\npm
USERNAME=ashis
OS=Windows_NT
PROCESSOR_IDENTIFIER=AMD64 Family 23 Model 104 Stepping 1, AuthenticAMD
TMP=C:\Users\ashis\AppData\Local\Temp
TEMP=C:\Users\ashis\AppData\Local\Temp



---------------  S Y S T E M  ---------------

OS:
 Windows 11 , 64 bit Build 22621 (10.0.22621.2070)
OS uptime: 1 days 13:27 hours
Hyper-V role detected

CPU: total 12 (initial active 12) (12 cores per cpu, 2 threads per core) family 23 model 104 stepping 1 microcode 0x0, cx8, cmov, fxsr, ht, mmx, 3dnowpref, sse, sse2, sse3, ssse3, sse4a, sse4.1, sse4.2, popcnt, lzcnt, tsc, tscinvbit, avx, avx2, aes, clmul, bmi1, bmi2, adx, sha, fma, vzeroupper, clflush, clflushopt, hv, rdtscp, rdpid

Memory: 4k page, system-wide physical 15695M (3775M free)
TotalPageFile size 45386M (AvailPageFile size 0M)
current process WorkingSet (physical memory assigned to process): 89M, peak: 89M
current process commit charge ("private bytes"): 378M, peak: 379M

vm_info: Java HotSpot(TM) 64-Bit Server VM (19.0.1+10-21) for windows-amd64 JRE (19.0.1+10-21), built on 2022-09-14T12:45:06Z by "mach5one" with MS VC++ 17.1 (VS2022)

END.
